<?xml version="1.0" encoding="UTF-8"?>
<!-- Generated by org.testng.reporters.JUnitReportReporter -->
<testsuite hostname="EBLLICT94203HS" failures="0" tests="1" name="tests.BaseClass" time="0.012" errors="0" timestamp="2022-07-08T21:04:59 EAT" skipped="0">
  <testcase classname="tests.BaseClass" name="sampleTest" time="0.012"/>
  <system-out/>
</testsuite> <!-- tests.BaseClass -->
