<?xml version="1.0" encoding="UTF-8"?>
<!-- Generated by org.testng.reporters.JUnitReportReporter -->
<testsuite skipped="0" hostname="EBLLICT94203HS" name="com.googlekeep.nala.tests.ListTests" tests="6" failures="0" timestamp="2022-07-10T20:48:45 EAT" time="73.557" errors="0">
  <testcase name="addNewList" time="16.495" classname="com.googlekeep.nala.tests.ListTests"/>
  <system-out/>
  <testcase name="searchList" time="10.931" classname="com.googlekeep.nala.tests.ListTests"/>
  <system-out/>
  <testcase name="checkAnItemInTheList" time="17.010" classname="com.googlekeep.nala.tests.ListTests"/>
  <system-out/>
  <testcase name="deleteItemsInTheList" time="11.018" classname="com.googlekeep.nala.tests.ListTests"/>
  <system-out/>
  <testcase name="unCheckItemsInTheList" time="7.537" classname="com.googlekeep.nala.tests.ListTests"/>
  <system-out/>
  <testcase name="deleteList" time="10.566" classname="com.googlekeep.nala.tests.ListTests"/>
  <system-out/>
</testsuite> <!-- com.googlekeep.nala.tests.ListTests -->
