<?xml version="1.0" encoding="UTF-8"?>
<!-- Generated by org.testng.reporters.JUnitReportReporter -->
<testsuite skipped="0" hostname="EBLLICT94203HS" name="com.googlekeep.nala.tests.NotesTests" tests="3" failures="0" timestamp="2022-07-10T20:48:45 EAT" time="36.197" errors="0">
  <testcase name="addNote" time="9.114" classname="com.googlekeep.nala.tests.NotesTests"/>
  <system-out/>
  <testcase name="searchNote" time="14.056" classname="com.googlekeep.nala.tests.NotesTests"/>
  <system-out/>
  <testcase name="deleteNote" time="13.027" classname="com.googlekeep.nala.tests.NotesTests"/>
  <system-out/>
</testsuite> <!-- com.googlekeep.nala.tests.NotesTests -->
